[33mÎ“Â¥Â»[39m Checking your system
[33mÎ“Â¥Â»[39m Checking package manager version
[32mÎ“Â£Ã¶[39m Found npm@11.5.1
[32mÎ“Â£Ã¶[39m Checking your system
[?25h[33mÎ“Â¥Â»[39m Loading configuration
[32mÎ“Â£Ã¶[39m Loading configuration
[33mÎ“Â¥Â»[39m Resolving make targets
Î“Ã‡â•‘ Making for the following targets: 
[32mÎ“Â£Ã¶[39m Resolving make targets
[33mÎ“Â¥Â»[39m Running package command
[33mÎ“Â¥Â»[39m Preparing to package application
[32mÎ“Â£Ã¶[39m Preparing to package application
[33mÎ“Â¥Â»[39m Running packaging hooks
[33mÎ“Â¥Â»[39m Running generateAssets hook
[32mÎ“Â£Ã¶[39m Running generateAssets hook
[33mÎ“Â¥Â»[39m Running prePackage hook
[33mÎ“Â¥Â»[39m [plugin-webpack] Preparing webpack bundles
[33mÎ“Â¥Â»[39m Preparing native dependencies for x64
[32mÎ“Â£Ã¶[39m Preparing native dependencies
[33mÎ“Â¥Â»[39m Building webpack bundles
[32mÎ“Â£Ã¶[39m Building webpack bundles
[32mÎ“Â£Ã¶[39m [plugin-webpack] Preparing webpack bundles
[32mÎ“Â£Ã¶[39m Running prePackage hook
[32mÎ“Â£Ã¶[39m Running packaging hooks
[33mÎ“Â¥Â»[39m Packaging application
Î“Ã‡â•‘ Determining targets...
[33mÎ“Â¥Â»[39m Packaging for x64 on win32
[33mÎ“Â¥Â»[39m Copying files
[33mÎ“Â¥Â»[39m Preparing native dependencies
[33mÎ“Â¥Â»[39m Finalizing package
[32mÎ“Â£Ã¶[39m Copying files
[32mÎ“Â£Ã¶[39m Preparing native dependencies
[32mÎ“Â£Ã¶[39m Finalizing package
[32mÎ“Â£Ã¶[39m Packaging for x64 on win32
[32mÎ“Â£Ã¶[39m Packaging application
[33mÎ“Â¥Â»[39m Running postPackage hook
[32mÎ“Â£Ã¶[39m Running postPackage hook
[32mÎ“Â£Ã¶[39m Running package command
[33mÎ“Â¥Â»[39m Running preMake hook
[32mÎ“Â£Ã¶[39m Running preMake hook
[33mÎ“Â¥Â»[39m Making distributables
[33mÎ“Â¥Â»[39m Making a squirrel distributable for win32/x64
Î“Â£Ã» Making a squirrel distributable for win32/x64 [FAILED: Failed with exit code: 1
Output:
Attempting to build package from 'sems_app.nuspec'.
Description is required.
]
Î“Â£Ã» Making distributables [FAILED: Failed with exit code: 1
Output:
Attempting to build package from 'sems_app.nuspec'.
Description is required.
]

An unhandled rejection has occurred inside Forge:
Error: Failed with exit code: 1
Output:
Attempting to build package from 'sems_app.nuspec'.
Description is required.
at ChildProcess.<anonymous> (E:\DEVELOPMENTS\FLASH_DEVS\SEMS\sems-app\node_modules\electron-winstaller\lib\spawn-promise.js:48:24)
    at ChildProcess.emit (node:events:508:28)
    at ChildProcess.emit (node:domain:489:12)
    at maybeClose (node:internal/child_process:1101:16)
    at ChildProcess._handle.onexit (node:internal/child_process:305:5)
[?25h
